Traceback (most recent call last):
  File "/opt/hostedtoolcache/Python/3.8.18/x64/lib/python3.8/site-packages/jupyter_cache/executors/utils.py", line 58, in single_nb_execution
    executenb(
  File "/opt/hostedtoolcache/Python/3.8.18/x64/lib/python3.8/site-packages/nbclient/client.py", line 1305, in execute
    return NotebookClient(nb=nb, resources=resources, km=km, **kwargs).execute()
  File "/opt/hostedtoolcache/Python/3.8.18/x64/lib/python3.8/site-packages/jupyter_core/utils/__init__.py", line 166, in wrapped
    return loop.run_until_complete(inner)
  File "/opt/hostedtoolcache/Python/3.8.18/x64/lib/python3.8/asyncio/base_events.py", line 616, in run_until_complete
    return future.result()
  File "/opt/hostedtoolcache/Python/3.8.18/x64/lib/python3.8/site-packages/nbclient/client.py", line 705, in async_execute
    await self.async_execute_cell(
  File "/opt/hostedtoolcache/Python/3.8.18/x64/lib/python3.8/site-packages/nbclient/client.py", line 1058, in async_execute_cell
    await self._check_raise_for_error(cell, cell_index, exec_reply)
  File "/opt/hostedtoolcache/Python/3.8.18/x64/lib/python3.8/site-packages/nbclient/client.py", line 914, in _check_raise_for_error
    raise CellExecutionError.from_cell_and_msg(cell, exec_reply_content)
nbclient.exceptions.CellExecutionError: An error occurred while executing the following cell:
------------------
params = {
    "q": '"nla.obj"',
    "category": "all",
    "l-availability": "y",
    "encoding": "json",
    "n": 0,
}

headers = {"X-API-KEY": YOUR_API_KEY}
totals = []

response = requests.get(
    "https://api.trove.nla.gov.au/v3/result", params=params, headers=headers
)
data = response.json()
for cat in data["category"]:
    total = cat["records"]["total"]
    if total:
        totals.append({"category": cat["code"], "total": total})

pd.DataFrame(totals).style.format(thousands=",").hide()
------------------


[0;31m---------------------------------------------------------------------------[0m
[0;31mKeyError[0m                                  Traceback (most recent call last)
Cell [0;32mIn[4], line 16[0m
[1;32m     12[0m response [38;5;241m=[39m requests[38;5;241m.[39mget(
[1;32m     13[0m     [38;5;124m"[39m[38;5;124mhttps://api.trove.nla.gov.au/v3/result[39m[38;5;124m"[39m, params[38;5;241m=[39mparams, headers[38;5;241m=[39mheaders
[1;32m     14[0m )
[1;32m     15[0m data [38;5;241m=[39m response[38;5;241m.[39mjson()
[0;32m---> 16[0m [38;5;28;01mfor[39;00m cat [38;5;129;01min[39;00m [43mdata[49m[43m[[49m[38;5;124;43m"[39;49m[38;5;124;43mcategory[39;49m[38;5;124;43m"[39;49m[43m][49m:
[1;32m     17[0m     total [38;5;241m=[39m cat[[38;5;124m"[39m[38;5;124mrecords[39m[38;5;124m"[39m][[38;5;124m"[39m[38;5;124mtotal[39m[38;5;124m"[39m]
[1;32m     18[0m     [38;5;28;01mif[39;00m total:

[0;31mKeyError[0m: 'category'

